00000000 PRG 2023-08-03 12:38:07 19064 18924 "Error loading C:\Program Files (x86)\HPCCSystems\9.0.8\clienttools\filehooks\gitfile.lib: 193 - 193"
00000001 PRG 2023-08-03 12:38:07 19064 18924 "File hook library C:\Program Files (x86)\HPCCSystems\9.0.8\clienttools\filehooks\gitfile.lib could not be loaded"
00000002 PRG 2023-08-03 12:38:07 19064 18924 "Error loading C:\Program Files (x86)\HPCCSystems\9.0.8\clienttools\filehooks\s3file.lib: 193 - 193"
00000003 PRG 2023-08-03 12:38:07 19064 18924 "File hook library C:\Program Files (x86)\HPCCSystems\9.0.8\clienttools\filehooks\s3file.lib could not be loaded"
00000004 PRG 2023-08-03 12:38:07 19064 18924 "Loading plugin C:\Program Files (x86)\HPCCSystems\9.0.8\clienttools\plugins\auditlib.dll[lib_auditlib] version = AUDITLIB 1.0.1"
00000005 PRG 2023-08-03 12:38:07 19064 18924 "Loading library C:\Program Files (x86)\HPCCSystems\9.0.8\clienttools\plugins\cassandra.ecllib"
00000006 PRG 2023-08-03 12:38:07 19064 18924 "Loading library C:\Program Files (x86)\HPCCSystems\9.0.8\clienttools\plugins\couchbase.ecllib"
00000007 PRG 2023-08-03 12:38:07 19064 18924 "Loading plugin C:\Program Files (x86)\HPCCSystems\9.0.8\clienttools\plugins\debugservices.dll[lib_debugservices] version = DEBUGSERVICES 1.0.1"
00000008 PRG 2023-08-03 12:38:07 19064 18924 "Loading library C:\Program Files (x86)\HPCCSystems\9.0.8\clienttools\plugins\java.ecllib"
00000009 PRG 2023-08-03 12:38:07 19064 18924 "Loading library C:\Program Files (x86)\HPCCSystems\9.0.8\clienttools\plugins\javascript.ecllib"
0000000A PRG 2023-08-03 12:38:07 19064 18924 "Loading library C:\Program Files (x86)\HPCCSystems\9.0.8\clienttools\plugins\kafka.ecllib"
0000000B PRG 2023-08-03 12:38:07 19064 18924 "Loading library C:\Program Files (x86)\HPCCSystems\9.0.8\clienttools\plugins\lib_cryptolib.ecllib"
0000000C PRG 2023-08-03 12:38:07 19064 18924 "Loading library C:\Program Files (x86)\HPCCSystems\9.0.8\clienttools\plugins\lib_eclblas.ecllib"
0000000D PRG 2023-08-03 12:38:07 19064 18924 "Loading library C:\Program Files (x86)\HPCCSystems\9.0.8\clienttools\plugins\lib_fileservices.ecllib"
0000000E PRG 2023-08-03 12:38:07 19064 18924 "Loading library C:\Program Files (x86)\HPCCSystems\9.0.8\clienttools\plugins\lib_h3.ecllib"
0000000F PRG 2023-08-03 12:38:07 19064 18924 "Loading library C:\Program Files (x86)\HPCCSystems\9.0.8\clienttools\plugins\lib_keylib.ecllib"
00000010 PRG 2023-08-03 12:38:07 19064 18924 "Loading library C:\Program Files (x86)\HPCCSystems\9.0.8\clienttools\plugins\lib_memcached.ecllib"
00000011 PRG 2023-08-03 12:38:07 19064 18924 "Loading library C:\Program Files (x86)\HPCCSystems\9.0.8\clienttools\plugins\lib_metaphone.ecllib"
00000012 PRG 2023-08-03 12:38:07 19064 18924 "Loading library C:\Program Files (x86)\HPCCSystems\9.0.8\clienttools\plugins\lib_metaphone3.ecllib"
00000013 PRG 2023-08-03 12:38:07 19064 18924 "Loading library C:\Program Files (x86)\HPCCSystems\9.0.8\clienttools\plugins\lib_nlp.ecllib"
00000014 PRG 2023-08-03 12:38:07 19064 18924 "Loading library C:\Program Files (x86)\HPCCSystems\9.0.8\clienttools\plugins\lib_redis.ecllib"
00000015 PRG 2023-08-03 12:38:07 19064 18924 "Loading library C:\Program Files (x86)\HPCCSystems\9.0.8\clienttools\plugins\lib_saltlib.ecllib"
00000016 PRG 2023-08-03 12:38:07 19064 18924 "Loading library C:\Program Files (x86)\HPCCSystems\9.0.8\clienttools\plugins\lib_thorlib.ecllib"
00000017 PRG 2023-08-03 12:38:07 19064 18924 "Loading library C:\Program Files (x86)\HPCCSystems\9.0.8\clienttools\plugins\lib_word.ecllib"
00000018 PRG 2023-08-03 12:38:07 19064 18924 "Loading plugin C:\Program Files (x86)\HPCCSystems\9.0.8\clienttools\plugins\logging.dll[lib_logging] version = LOGGING 1.0.1"
00000019 PRG 2023-08-03 12:38:07 19064 18924 "Loading library C:\Program Files (x86)\HPCCSystems\9.0.8\clienttools\plugins\mongodb.ecllib"
0000001A PRG 2023-08-03 12:38:07 19064 18924 "Loading library C:\Program Files (x86)\HPCCSystems\9.0.8\clienttools\plugins\mysql.ecllib"
0000001B PRG 2023-08-03 12:38:07 19064 18924 "Loading plugin C:\Program Files (x86)\HPCCSystems\9.0.8\clienttools\plugins\parselib.dll[lib_parselib] version = PARSELIB 1.0.1"
0000001C PRG 2023-08-03 12:38:07 19064 18924 "Loading library C:\Program Files (x86)\HPCCSystems\9.0.8\clienttools\plugins\python3.ecllib"
0000001D PRG 2023-08-03 12:38:07 19064 18924 "Loading library C:\Program Files (x86)\HPCCSystems\9.0.8\clienttools\plugins\R.ecllib"
0000001E PRG 2023-08-03 12:38:07 19064 18924 "Loading library C:\Program Files (x86)\HPCCSystems\9.0.8\clienttools\plugins\sqlite3.ecllib"
0000001F PRG 2023-08-03 12:38:07 19064 18924 "Loading library C:\Program Files (x86)\HPCCSystems\9.0.8\clienttools\plugins\sqs.ecllib"
00000020 PRG 2023-08-03 12:38:07 19064 18924 "Loading plugin C:\Program Files (x86)\HPCCSystems\9.0.8\clienttools\plugins\stringlib.dll[lib_stringlib] version = STRINGLIB 1.1.14"
00000021 PRG 2023-08-03 12:38:07 19064 18924 "Loading plugin C:\Program Files (x86)\HPCCSystems\9.0.8\clienttools\plugins\timelib.dll[lib_timelib] version = TIMELIB 1.0.0"
00000022 PRG 2023-08-03 12:38:07 19064 18924 "Loading plugin C:\Program Files (x86)\HPCCSystems\9.0.8\clienttools\plugins\unicodelib.dll[lib_unicodelib] version = UNICODELIB 1.1.06"
00000023 PRG 2023-08-03 12:38:07 19064 18924 "Loading plugin C:\Program Files (x86)\HPCCSystems\9.0.8\clienttools\plugins\workunitservices.dll[lib_WORKUNITSERVICES] version = WORKUNITSERVICES 1.0.2"
00000024 PRG 2023-08-03 12:38:07 19064 18924 "Error loading py3embed.dll: 126 - 找不到指定的模块。"
00000025 PRG 2023-08-03 12:38:07 19064 18924 "Failed to load function syntaxCheck"
00000026 PRG 2023-08-03 12:38:07 19064 18924 "Embedded syntax check function could not be called"
00000027 PRG 2023-08-03 12:38:07 19064 18924 "Error loading py3embed.dll: 126 - 找不到指定的模块。"
00000028 PRG 2023-08-03 12:38:07 19064 18924 "Failed to load function syntaxCheck"
00000029 PRG 2023-08-03 12:38:07 19064 18924 "Embedded syntax check function could not be called"
0000002A PRG 2023-08-03 12:38:07 19064 18924 "Error loading py3embed.dll: 126 - 找不到指定的模块。"
0000002B PRG 2023-08-03 12:38:07 19064 18924 "Failed to load function syntaxCheck"
0000002C PRG 2023-08-03 12:38:07 19064 18924 "Embedded syntax check function could not be called"
0000002D PRG 2023-08-03 12:38:07 19064 18924 "Error loading py3embed.dll: 126 - 找不到指定的模块。"
0000002E PRG 2023-08-03 12:38:07 19064 18924 "Failed to load function syntaxCheck"
0000002F PRG 2023-08-03 12:38:07 19064 18924 "Embedded syntax check function could not be called"
00000030 PRG 2023-08-03 12:38:07 19064 18924 "Error loading py3embed.dll: 126 - 找不到指定的模块。"
00000031 PRG 2023-08-03 12:38:07 19064 18924 "Failed to load function syntaxCheck"
00000032 PRG 2023-08-03 12:38:07 19064 18924 "Embedded syntax check function could not be called"
00000033 PRG 2023-08-03 12:38:07 19064 18924 "Error loading py3embed.dll: 126 - 找不到指定的模块。"
00000034 PRG 2023-08-03 12:38:07 19064 18924 "Failed to load function syntaxCheck"
00000035 PRG 2023-08-03 12:38:07 19064 18924 "Embedded syntax check function could not be called"
00000036 PRG 2023-08-03 12:38:07 19064 18924 "Error loading py3embed.dll: 126 - 找不到指定的模块。"
00000037 PRG 2023-08-03 12:38:07 19064 18924 "Failed to load function syntaxCheck"
00000038 PRG 2023-08-03 12:38:07 19064 18924 "Embedded syntax check function could not be called"
00000039 PRG 2023-08-03 12:38:07 19064 18924 "Error loading py3embed.dll: 126 - 找不到指定的模块。"
0000003A PRG 2023-08-03 12:38:07 19064 18924 "Failed to load function syntaxCheck"
0000003B PRG 2023-08-03 12:38:07 19064 18924 "Embedded syntax check function could not be called"
0000003C PRG 2023-08-03 12:38:07 19064 18924 "Error loading py3embed.dll: 126 - 找不到指定的模块。"
0000003D PRG 2023-08-03 12:38:07 19064 18924 "Failed to load function syntaxCheck"
0000003E PRG 2023-08-03 12:38:07 19064 18924 "Embedded syntax check function could not be called"
0000003F PRG 2023-08-03 12:38:07 19064 18924 "Error loading py3embed.dll: 126 - 找不到指定的模块。"
00000040 PRG 2023-08-03 12:38:07 19064 18924 "Failed to load function syntaxCheck"
00000041 PRG 2023-08-03 12:38:07 19064 18924 "Embedded syntax check function could not be called"
00000042 PRG 2023-08-03 12:38:07 19064 18924 "Error loading py3embed.dll: 126 - 找不到指定的模块。"
00000043 PRG 2023-08-03 12:38:07 19064 18924 "Failed to load function syntaxCheck"
00000044 PRG 2023-08-03 12:38:07 19064 18924 "Embedded syntax check function could not be called"
00000045 PRG 2023-08-03 12:38:07 19064 18924 "Error loading py3embed.dll: 126 - 找不到指定的模块。"
00000046 PRG 2023-08-03 12:38:07 19064 18924 "Failed to load function syntaxCheck"
00000047 PRG 2023-08-03 12:38:07 19064 18924 "Embedded syntax check function could not be called"
00000048 PRG 2023-08-03 12:38:07 19064 18924 "Error loading py3embed.dll: 126 - 找不到指定的模块。"
00000049 PRG 2023-08-03 12:38:07 19064 18924 "Failed to load function syntaxCheck"
0000004A PRG 2023-08-03 12:38:07 19064 18924 "Embedded syntax check function could not be called"
0000004B PRG 2023-08-03 12:38:07 19064 18924 "Error loading py3embed.dll: 126 - 找不到指定的模块。"
0000004C PRG 2023-08-03 12:38:07 19064 18924 "Failed to load function syntaxCheck"
0000004D PRG 2023-08-03 12:38:07 19064 18924 "Embedded syntax check function could not be called"
0000004E PRG 2023-08-03 12:38:07 19064 18924 "Error loading py3embed.dll: 126 - 找不到指定的模块。"
0000004F PRG 2023-08-03 12:38:07 19064 18924 "Failed to load function syntaxCheck"
00000050 PRG 2023-08-03 12:38:07 19064 18924 "Embedded syntax check function could not be called"
00000051 PRG 2023-08-03 12:38:07 19064 18924 "Error loading py3embed.dll: 126 - 找不到指定的模块。"
00000052 PRG 2023-08-03 12:38:07 19064 18924 "Failed to load function syntaxCheck"
00000053 PRG 2023-08-03 12:38:07 19064 18924 "Embedded syntax check function could not be called"
00000054 PRG 2023-08-03 12:38:07 19064 18924 "Error loading py3embed.dll: 126 - 找不到指定的模块。"
00000055 PRG 2023-08-03 12:38:07 19064 18924 "Failed to load function syntaxCheck"
00000056 PRG 2023-08-03 12:38:07 19064 18924 "Embedded syntax check function could not be called"
00000057 PRG 2023-08-03 12:38:07 19064 18924 "Error loading py3embed.dll: 126 - 找不到指定的模块。"
00000058 PRG 2023-08-03 12:38:07 19064 18924 "Failed to load function syntaxCheck"
00000059 PRG 2023-08-03 12:38:07 19064 18924 "Embedded syntax check function could not be called"
0000005A PRG 2023-08-03 12:38:07 19064 18924 "Error loading py3embed.dll: 126 - 找不到指定的模块。"
0000005B PRG 2023-08-03 12:38:07 19064 18924 "Failed to load function syntaxCheck"
0000005C PRG 2023-08-03 12:38:07 19064 18924 "Embedded syntax check function could not be called"
0000005D PRG 2023-08-03 12:38:07 19064 18924 "Error loading py3embed.dll: 126 - 找不到指定的模块。"
0000005E PRG 2023-08-03 12:38:07 19064 18924 "Failed to load function syntaxCheck"
0000005F PRG 2023-08-03 12:38:07 19064 18924 "Embedded syntax check function could not be called"
00000060 PRG 2023-08-03 12:38:07 19064 18924 "Error loading py3embed.dll: 126 - 找不到指定的模块。"
00000061 PRG 2023-08-03 12:38:07 19064 18924 "Failed to load function syntaxCheck"
00000062 PRG 2023-08-03 12:38:07 19064 18924 "Embedded syntax check function could not be called"
00000063 PRG 2023-08-03 12:38:07 19064 18924 "Error loading py3embed.dll: 126 - 找不到指定的模块。"
00000064 PRG 2023-08-03 12:38:07 19064 18924 "Failed to load function syntaxCheck"
00000065 PRG 2023-08-03 12:38:07 19064 18924 "Embedded syntax check function could not be called"
00000066 PRG 2023-08-03 12:38:07 19064 18924 "Error loading py3embed.dll: 126 - 找不到指定的模块。"
00000067 PRG 2023-08-03 12:38:07 19064 18924 "Failed to load function syntaxCheck"
00000068 PRG 2023-08-03 12:38:07 19064 18924 "Embedded syntax check function could not be called"
00000069 PRG 2023-08-03 12:38:07 19064 18924 "Error loading py3embed.dll: 126 - 找不到指定的模块。"
0000006A PRG 2023-08-03 12:38:07 19064 18924 "Failed to load function syntaxCheck"
0000006B PRG 2023-08-03 12:38:07 19064 18924 "Embedded syntax check function could not be called"
0000006C PRG 2023-08-03 12:38:07 19064 18924 "Error loading py3embed.dll: 126 - 找不到指定的模块。"
0000006D PRG 2023-08-03 12:38:07 19064 18924 "Failed to load function syntaxCheck"
0000006E PRG 2023-08-03 12:38:07 19064 18924 "Embedded syntax check function could not be called"
0000006F PRG 2023-08-03 12:38:07 19064 18924 "Error loading py3embed.dll: 126 - 找不到指定的模块。"
00000070 PRG 2023-08-03 12:38:07 19064 18924 "Failed to load function syntaxCheck"
00000071 PRG 2023-08-03 12:38:07 19064 18924 "Embedded syntax check function could not be called"
00000072 PRG 2023-08-03 12:38:07 19064 18924 "Error loading py3embed.dll: 126 - 找不到指定的模块。"
00000073 PRG 2023-08-03 12:38:07 19064 18924 "Failed to load function syntaxCheck"
00000074 PRG 2023-08-03 12:38:07 19064 18924 "Embedded syntax check function could not be called"
00000075 PRG 2023-08-03 12:38:07 19064 18924 "Error loading py3embed.dll: 126 - 找不到指定的模块。"
00000076 PRG 2023-08-03 12:38:07 19064 18924 "Failed to load function syntaxCheck"
00000077 PRG 2023-08-03 12:38:07 19064 18924 "Embedded syntax check function could not be called"
00000078 PRG 2023-08-03 12:38:07 19064 18924 "Error loading py3embed.dll: 126 - 找不到指定的模块。"
00000079 PRG 2023-08-03 12:38:07 19064 18924 "Failed to load function syntaxCheck"
0000007A PRG 2023-08-03 12:38:07 19064 18924 "Embedded syntax check function could not be called"
0000007B PRG 2023-08-03 12:38:07 19064 18924 "Error loading py3embed.dll: 126 - 找不到指定的模块。"
0000007C PRG 2023-08-03 12:38:07 19064 18924 "Failed to load function syntaxCheck"
0000007D PRG 2023-08-03 12:38:07 19064 18924 "Embedded syntax check function could not be called"
